<?xml version="1.0" encoding="UTF-8"?>
<!-- Generated by org.testng.reporters.JUnitXMLReporter -->
<testsuite ignored="0" hostname="Mythily" failures="2" tests="2" name="Test" time="38.83" errors="0" timestamp="2026-05-10T23:32:39 IST">
  <testcase classname="com.test.DashBoardTest" name="DashboardTest" time="0.0">
    <failure type="java.lang.RuntimeException" message="java.io.FileNotFoundException: C:\Users\Navee\OneDrive\Documents\Expleo training\TestNG\PageObjectMethod\src\test\resources\testdata\LoginData.xlsx (The process cannot access the file because it is being used by another process)">
      <![CDATA[java.lang.RuntimeException: java.io.FileNotFoundException: C:\Users\Navee\OneDrive\Documents\Expleo training\TestNG\PageObjectMethod\src\test\resources\testdata\LoginData.xlsx (The process cannot access the file because it is being used by another process)
at java.base/java.util.ArrayList.forEach(ArrayList.java:1596)
Caused by: java.io.FileNotFoundException: C:\Users\Navee\OneDrive\Documents\Expleo training\TestNG\PageObjectMethod\src\test\resources\testdata\LoginData.xlsx (The process cannot access the file because it is being used by another process)
at java.base/java.io.FileInputStream.open0(Native Method)
at java.base/java.io.FileInputStream.open(FileInputStream.java:213)
at java.base/java.io.FileInputStream.<init>(FileInputStream.java:152)
at java.base/java.io.FileInputStream.<init>(FileInputStream.java:106)
at utilities.ExcelUtility.getExcelData(ExcelUtility.java:17)
at utilities.DataProviderClass.loginData(DataProviderClass.java:14)
... 25 more
... Removed 30 stack frames]]>
    </failure>
  </testcase> <!-- DashboardTest -->
  <testcase classname="com.test.LoginTest" name="verifyLogin" time="0.0">
    <failure type="java.lang.RuntimeException" message="java.io.FileNotFoundException: C:\Users\Navee\OneDrive\Documents\Expleo training\TestNG\PageObjectMethod\src\test\resources\testdata\LoginData.xlsx (The process cannot access the file because it is being used by another process)">
      <![CDATA[java.lang.RuntimeException: java.io.FileNotFoundException: C:\Users\Navee\OneDrive\Documents\Expleo training\TestNG\PageObjectMethod\src\test\resources\testdata\LoginData.xlsx (The process cannot access the file because it is being used by another process)
at java.base/java.util.ArrayList.forEach(ArrayList.java:1596)
Caused by: java.io.FileNotFoundException: C:\Users\Navee\OneDrive\Documents\Expleo training\TestNG\PageObjectMethod\src\test\resources\testdata\LoginData.xlsx (The process cannot access the file because it is being used by another process)
at java.base/java.io.FileInputStream.open0(Native Method)
at java.base/java.io.FileInputStream.open(FileInputStream.java:213)
at java.base/java.io.FileInputStream.<init>(FileInputStream.java:152)
at java.base/java.io.FileInputStream.<init>(FileInputStream.java:106)
at utilities.ExcelUtility.getExcelData(ExcelUtility.java:17)
at utilities.DataProviderClass.loginData(DataProviderClass.java:14)
... 25 more
... Removed 30 stack frames]]>
    </failure>
  </testcase> <!-- verifyLogin -->
</testsuite> <!-- Test -->
