<?xml version="1.0" encoding="UTF-8"?>
<testng-results ignored="0" total="2" passed="2" failed="0" skipped="0">
  <reporter-output>
  </reporter-output>
  <suite started-at="2026-04-28T13:00:04 IST" name="Suite" finished-at="2026-04-28T13:00:44 IST" duration-ms="39614">
    <groups>
    </groups>
    <test started-at="2026-04-28T13:00:04 IST" name="Test" finished-at="2026-04-28T13:00:44 IST" duration-ms="39614">
      <class name="com.test.DashBoardTest">
        <test-method is-config="true" signature="setup()[pri:0, instance:com.test.DashBoardTest@ba2f4ec]" started-at="2026-04-28T13:00:04 IST" name="setup" finished-at="2026-04-28T13:00:15 IST" duration-ms="10729" status="PASS">
          <reporter-output>
          </reporter-output>
        </test-method> <!-- setup -->
        <test-method signature="DashboardTest()[pri:0, instance:com.test.DashBoardTest@ba2f4ec]" started-at="2026-04-28T13:00:15 IST" name="DashboardTest" finished-at="2026-04-28T13:00:31 IST" duration-ms="16311" status="PASS">
          <reporter-output>
          </reporter-output>
        </test-method> <!-- DashboardTest -->
        <test-method is-config="true" signature="close()[pri:0, instance:com.test.DashBoardTest@ba2f4ec]" started-at="2026-04-28T13:00:31 IST" name="close" finished-at="2026-04-28T13:00:32 IST" duration-ms="221" status="PASS">
          <reporter-output>
          </reporter-output>
        </test-method> <!-- close -->
      </class> <!-- com.test.DashBoardTest -->
      <class name="com.test.LoginTest">
        <test-method is-config="true" signature="setup()[pri:0, instance:com.test.LoginTest@7a8c8dcf]" started-at="2026-04-28T13:00:32 IST" name="setup" finished-at="2026-04-28T13:00:41 IST" duration-ms="9169" status="PASS">
          <reporter-output>
          </reporter-output>
        </test-method> <!-- setup -->
        <test-method signature="loginTest()[pri:0, instance:com.test.LoginTest@7a8c8dcf]" started-at="2026-04-28T13:00:41 IST" name="loginTest" finished-at="2026-04-28T13:00:44 IST" duration-ms="2836" status="PASS">
          <reporter-output>
          </reporter-output>
        </test-method> <!-- loginTest -->
        <test-method is-config="true" signature="close()[pri:0, instance:com.test.LoginTest@7a8c8dcf]" started-at="2026-04-28T13:00:44 IST" name="close" finished-at="2026-04-28T13:00:44 IST" duration-ms="255" status="PASS">
          <reporter-output>
          </reporter-output>
        </test-method> <!-- close -->
      </class> <!-- com.test.LoginTest -->
    </test> <!-- Test -->
  </suite> <!-- Suite -->
</testng-results>
