<?xml version="1.0" encoding="UTF-8"?>
<!-- Generated by org.testng.reporters.JUnitXMLReporter -->
<testsuite ignored="1" hostname="Mythily" failures="0" tests="1" name="Default test(failed)(failed)" time="8.557" errors="0" timestamp="2026-04-22T14:27:00 IST">
  <testcase classname="com.test.LoginTest" name="valid" time="3.102"/>
  <testcase classname="com.test.LoginTest" name="Invalid1" time="0.0">
    <ignored/>
  </testcase> <!-- Invalid1 -->
</testsuite> <!-- Default test(failed)(failed) -->
