<?xml version="1.0" encoding="UTF-8"?>
<!-- Generated by org.testng.reporters.JUnitXMLReporter -->
<testsuite ignored="1" hostname="Mythily" failures="1" tests="1" name="Default test(failed)" time="8.229" errors="0" timestamp="2026-04-22T14:25:54 IST">
  <testcase classname="com.test.LoginTest" name="valid" time="2.858">
    <failure type="java.lang.AssertionError" message="expected [Welcome admins] but found [Welcome admin]">
      <![CDATA[java.lang.AssertionError: expected [Welcome admins] but found [Welcome admin]
at com.test.LoginTest.valid(LoginTest.java:58)
at java.base/java.util.ArrayList.forEach(ArrayList.java:1596)
... Removed 31 stack frames]]>
    </failure>
  </testcase> <!-- valid -->
  <testcase classname="com.test.LoginTest" name="Invalid1" time="0.0">
    <ignored/>
  </testcase> <!-- Invalid1 -->
</testsuite> <!-- Default test(failed) -->
