<?xml version="1.0" encoding="UTF-8"?>
<testng-results ignored="0" total="4" passed="4" failed="0" skipped="0">
  <reporter-output>
  </reporter-output>
  <suite started-at="2026-04-28T09:20:12 IST" name="Suite" finished-at="2026-04-28T09:20:44 IST" duration-ms="31888">
    <groups>
    </groups>
    <test started-at="2026-04-28T09:20:12 IST" name="Test" finished-at="2026-04-28T09:20:44 IST" duration-ms="31888">
      <class name="com.test.TNBasic">
        <test-method is-config="true" signature="setup()[pri:0, instance:com.test.TNBasic@31190526]" started-at="2026-04-28T09:20:14 IST" name="setup" finished-at="2026-04-28T09:20:26 IST" duration-ms="12360" status="PASS">
          <reporter-output>
          </reporter-output>
        </test-method> <!-- setup -->
        <test-method signature="Invalid1(java.lang.String,java.lang.String)[pri:0, instance:com.test.TNBasic@31190526]" started-at="2026-04-28T09:20:26 IST" name="Invalid1" data-provider="invalid" finished-at="2026-04-28T09:20:29 IST" duration-ms="3249" status="PASS">
          <params>
            <param index="0">
              <value>
                <![CDATA[abc@gmail.com]]>
              </value>
            </param>
            <param index="1">
              <value>
                <![CDATA[mythily]]>
              </value>
            </param>
          </params>
          <reporter-output>
          </reporter-output>
        </test-method> <!-- Invalid1 -->
        <test-method is-config="true" signature="tearDown()[pri:0, instance:com.test.TNBasic@31190526]" started-at="2026-04-28T09:20:29 IST" name="tearDown" finished-at="2026-04-28T09:20:30 IST" duration-ms="301" status="PASS">
          <reporter-output>
          </reporter-output>
        </test-method> <!-- tearDown -->
        <test-method is-config="true" signature="setup()[pri:0, instance:com.test.TNBasic@31190526]" started-at="2026-04-28T09:20:30 IST" name="setup" finished-at="2026-04-28T09:20:32 IST" duration-ms="2641" status="PASS">
          <reporter-output>
          </reporter-output>
        </test-method> <!-- setup -->
        <test-method signature="Invalid1(java.lang.String,java.lang.String)[pri:0, instance:com.test.TNBasic@31190526]" started-at="2026-04-28T09:20:32 IST" name="Invalid1" data-provider="invalid" finished-at="2026-04-28T09:20:35 IST" duration-ms="2193" status="PASS">
          <params>
            <param index="0">
              <value>
                <![CDATA[mythily@gmail.com]]>
              </value>
            </param>
            <param index="1">
              <value>
                <![CDATA[abc]]>
              </value>
            </param>
          </params>
          <reporter-output>
          </reporter-output>
        </test-method> <!-- Invalid1 -->
        <test-method is-config="true" signature="tearDown()[pri:0, instance:com.test.TNBasic@31190526]" started-at="2026-04-28T09:20:35 IST" name="tearDown" finished-at="2026-04-28T09:20:35 IST" duration-ms="249" status="PASS">
          <reporter-output>
          </reporter-output>
        </test-method> <!-- tearDown -->
        <test-method is-config="true" signature="setup()[pri:0, instance:com.test.TNBasic@31190526]" started-at="2026-04-28T09:20:35 IST" name="setup" finished-at="2026-04-28T09:20:37 IST" duration-ms="2585" status="PASS">
          <reporter-output>
          </reporter-output>
        </test-method> <!-- setup -->
        <test-method signature="search(java.lang.String)[pri:0, instance:com.test.TNBasic@31190526]" started-at="2026-04-28T09:20:37 IST" name="search" finished-at="2026-04-28T09:20:38 IST" duration-ms="626" status="PASS">
          <params>
            <param index="0">
              <value>
                <![CDATA[kiot]]>
              </value>
            </param>
          </params>
          <reporter-output>
          </reporter-output>
        </test-method> <!-- search -->
        <test-method is-config="true" signature="tearDown()[pri:0, instance:com.test.TNBasic@31190526]" started-at="2026-04-28T09:20:38 IST" name="tearDown" finished-at="2026-04-28T09:20:38 IST" duration-ms="231" status="PASS">
          <reporter-output>
          </reporter-output>
        </test-method> <!-- tearDown -->
        <test-method is-config="true" signature="setup()[pri:0, instance:com.test.TNBasic@31190526]" started-at="2026-04-28T09:20:38 IST" name="setup" finished-at="2026-04-28T09:20:41 IST" duration-ms="2524" status="PASS">
          <reporter-output>
          </reporter-output>
        </test-method> <!-- setup -->
        <test-method signature="valid(java.lang.String,java.lang.String)[pri:0, instance:com.test.TNBasic@31190526]" started-at="2026-04-28T09:20:41 IST" name="valid" data-provider="valid" finished-at="2026-04-28T09:20:44 IST" duration-ms="3037" status="PASS">
          <params>
            <param index="0">
              <value>
                <![CDATA[mythily@gmail.com]]>
              </value>
            </param>
            <param index="1">
              <value>
                <![CDATA[mythily]]>
              </value>
            </param>
          </params>
          <reporter-output>
          </reporter-output>
        </test-method> <!-- valid -->
        <test-method is-config="true" signature="tearDown()[pri:0, instance:com.test.TNBasic@31190526]" started-at="2026-04-28T09:20:44 IST" name="tearDown" finished-at="2026-04-28T09:20:44 IST" duration-ms="252" status="PASS">
          <reporter-output>
          </reporter-output>
        </test-method> <!-- tearDown -->
      </class> <!-- com.test.TNBasic -->
    </test> <!-- Test -->
  </suite> <!-- Suite -->
</testng-results>
