<?xml version="1.0" encoding="UTF-8"?>
<testng-results ignored="0" total="2" passed="2" failed="0" skipped="0">
  <reporter-output>
  </reporter-output>
  <suite started-at="2026-04-28T14:39:52 IST" name="Suite" finished-at="2026-04-28T14:40:53 IST" duration-ms="61175">
    <groups>
    </groups>
    <test started-at="2026-04-28T14:39:52 IST" name="Test" finished-at="2026-04-28T14:40:53 IST" duration-ms="61175">
      <class name="com.test.DashBoardTest">
        <test-method is-config="true" signature="setup()[pri:0, instance:com.test.DashBoardTest@ba2f4ec]" started-at="2026-04-28T14:39:52 IST" name="setup" finished-at="2026-04-28T14:40:18 IST" duration-ms="25623" status="PASS">
          <reporter-output>
          </reporter-output>
        </test-method> <!-- setup -->
        <test-method signature="DashboardTest()[pri:0, instance:com.test.DashBoardTest@ba2f4ec]" started-at="2026-04-28T14:40:18 IST" name="DashboardTest" finished-at="2026-04-28T14:40:37 IST" duration-ms="19506" status="PASS">
          <reporter-output>
          </reporter-output>
        </test-method> <!-- DashboardTest -->
        <test-method is-config="true" signature="close()[pri:0, instance:com.test.DashBoardTest@ba2f4ec]" started-at="2026-04-28T14:40:37 IST" name="close" finished-at="2026-04-28T14:40:37 IST" duration-ms="212" status="PASS">
          <reporter-output>
          </reporter-output>
        </test-method> <!-- close -->
      </class> <!-- com.test.DashBoardTest -->
      <class name="com.test.LoginTest">
        <test-method is-config="true" signature="setup()[pri:0, instance:com.test.LoginTest@7a8c8dcf]" started-at="2026-04-28T14:40:37 IST" name="setup" finished-at="2026-04-28T14:40:50 IST" duration-ms="12279" status="PASS">
          <reporter-output>
          </reporter-output>
        </test-method> <!-- setup -->
        <test-method signature="loginTest()[pri:0, instance:com.test.LoginTest@7a8c8dcf]" started-at="2026-04-28T14:40:50 IST" name="loginTest" finished-at="2026-04-28T14:40:53 IST" duration-ms="3251" status="PASS">
          <reporter-output>
          </reporter-output>
        </test-method> <!-- loginTest -->
        <test-method is-config="true" signature="close()[pri:0, instance:com.test.LoginTest@7a8c8dcf]" started-at="2026-04-28T14:40:53 IST" name="close" finished-at="2026-04-28T14:40:53 IST" duration-ms="219" status="PASS">
          <reporter-output>
          </reporter-output>
        </test-method> <!-- close -->
      </class> <!-- com.test.LoginTest -->
    </test> <!-- Test -->
  </suite> <!-- Suite -->
</testng-results>
