<?xml version="1.0" encoding="UTF-8"?>
<testng-results ignored="0" total="3" passed="3" failed="0" skipped="0">
  <reporter-output>
  </reporter-output>
  <suite started-at="2026-05-11T11:36:22 IST" name="Default suite" finished-at="2026-05-11T11:36:42 IST" duration-ms="20513">
    <groups>
      <group name="cucumber">
        <method signature="AbstractTestNGCucumberTests.runScenario(io.cucumber.testng.PickleWrapper,io.cucumber.testng.FeatureWrapper)[pri:0, instance:runner.TestRunner@295cf707]" name="runScenario" class="io.cucumber.testng.AbstractTestNGCucumberTests"/>
      </group> <!-- cucumber -->
    </groups>
    <test started-at="2026-05-11T11:36:22 IST" name="Default test" finished-at="2026-05-11T11:36:42 IST" duration-ms="20513">
      <class name="runner.TestRunner">
        <test-method is-config="true" signature="setUpClass(org.testng.ITestContext)[pri:0, instance:runner.TestRunner@295cf707]" started-at="2026-05-11T11:36:22 IST" name="setUpClass" finished-at="2026-05-11T11:36:23 IST" duration-ms="1043" status="PASS">
          <params>
            <param index="0">
              <value>
                <![CDATA[org.testng.TestRunner@20d19f2c]]>
              </value>
            </param>
          </params>
          <reporter-output>
          </reporter-output>
        </test-method> <!-- setUpClass -->
        <test-method signature="runScenario(io.cucumber.testng.PickleWrapper,io.cucumber.testng.FeatureWrapper)[pri:0, instance:runner.TestRunner@295cf707]" started-at="2026-05-11T11:36:23 IST" name="runScenario" description="Runs Cucumber Scenarios" data-provider="scenarios" finished-at="2026-05-11T11:36:32 IST" duration-ms="8960" status="PASS">
          <params>
            <param index="0">
              <value>
                <![CDATA["Verify registration with valid credentials"]]>
              </value>
            </param>
            <param index="1">
              <value>
                <![CDATA["MYTHILY_SENTHIL_REGISTER"]]>
              </value>
            </param>
          </params>
          <reporter-output>
          </reporter-output>
        </test-method> <!-- runScenario -->
        <test-method signature="runScenario(io.cucumber.testng.PickleWrapper,io.cucumber.testng.FeatureWrapper)[pri:0, instance:runner.TestRunner@295cf707]" started-at="2026-05-11T11:36:32 IST" name="runScenario" description="Runs Cucumber Scenarios" data-provider="scenarios" finished-at="2026-05-11T11:36:36 IST" duration-ms="4764" status="PASS">
          <params>
            <param index="0">
              <value>
                <![CDATA["Verify login with valid credentials"]]>
              </value>
            </param>
            <param index="1">
              <value>
                <![CDATA["MYTHILY_SENTHIL_LOGIN"]]>
              </value>
            </param>
          </params>
          <reporter-output>
          </reporter-output>
        </test-method> <!-- runScenario -->
        <test-method signature="runScenario(io.cucumber.testng.PickleWrapper,io.cucumber.testng.FeatureWrapper)[pri:0, instance:runner.TestRunner@295cf707]" started-at="2026-05-11T11:36:36 IST" name="runScenario" description="Runs Cucumber Scenarios" data-provider="scenarios" finished-at="2026-05-11T11:36:42 IST" duration-ms="5609" status="PASS">
          <params>
            <param index="0">
              <value>
                <![CDATA["Verify add products to cart"]]>
              </value>
            </param>
            <param index="1">
              <value>
                <![CDATA["MYTHILY_SENTHIL_CART"]]>
              </value>
            </param>
          </params>
          <reporter-output>
          </reporter-output>
        </test-method> <!-- runScenario -->
        <test-method is-config="true" signature="tearDownClass()[pri:0, instance:runner.TestRunner@295cf707]" started-at="2026-05-11T11:36:42 IST" name="tearDownClass" finished-at="2026-05-11T11:36:42 IST" duration-ms="43" status="PASS">
          <reporter-output>
          </reporter-output>
        </test-method> <!-- tearDownClass -->
      </class> <!-- runner.TestRunner -->
    </test> <!-- Default test -->
  </suite> <!-- Default suite -->
</testng-results>
