<?xml version="1.0" encoding="UTF-8"?>
<!-- Generated by org.testng.reporters.JUnitReportReporter -->
<testsuite hostname="Mythily" failures="0" tests="3" name="runner.TestRunner" time="29.874" errors="0" timestamp="2026-05-09T23:20:36 IST" skipped="0">
  <testcase classname="runner.TestRunner" name="runScenario" time="12.491"/>
  <testcase classname="runner.TestRunner" name="runScenario" time="7.413"/>
  <testcase classname="runner.TestRunner" name="runScenario" time="9.970"/>
</testsuite> <!-- runner.TestRunner -->
