<?xml version="1.0" encoding="UTF-8"?>
<!-- Generated by org.testng.reporters.JUnitReportReporter -->
<testsuite hostname="Mythily" failures="0" tests="3" name="runner.TestRunner" time="19.333" errors="0" timestamp="2026-05-11T11:36:42 IST" skipped="0">
  <testcase classname="runner.TestRunner" name="runScenario" time="8.960"/>
  <testcase classname="runner.TestRunner" name="runScenario" time="5.609"/>
  <testcase classname="runner.TestRunner" name="runScenario" time="4.764"/>
</testsuite> <!-- runner.TestRunner -->
