<?xml version="1.0" encoding="UTF-8"?>
<!-- Generated by org.testng.reporters.JUnitReportReporter -->
<testsuite hostname="Mythily" failures="0" tests="4" name="com.test.TNBasic" time="30.248" errors="0" timestamp="2026-04-28T09:20:44 IST" skipped="0">
  <testcase classname="com.test.TNBasic" name="search" time="3.399"/>
  <testcase classname="com.test.TNBasic" name="Invalid1" time="5.030"/>
  <testcase classname="com.test.TNBasic" name="valid" time="5.909"/>
  <testcase classname="com.test.TNBasic" name="Invalid1" time="15.910"/>
</testsuite> <!-- com.test.TNBasic -->
