<?xml version="1.0" encoding="UTF-8"?>
<!-- Generated by org.testng.reporters.JUnitXMLReporter -->
<testsuite ignored="0" hostname="Mythily" failures="0" tests="4" name="Test" time="31.888" errors="0" timestamp="2026-04-28T09:20:44 IST">
  <testcase classname="com.test.TNBasic" name="Invalid1" time="3.249"/>
  <testcase classname="com.test.TNBasic" name="Invalid1" time="2.193"/>
  <testcase classname="com.test.TNBasic" name="search" time="0.626"/>
  <testcase classname="com.test.TNBasic" name="valid" time="3.037"/>
</testsuite> <!-- Test -->
