<?xml version="1.0" encoding="UTF-8"?>
<!-- Generated by org.testng.reporters.JUnitReportReporter -->
<testsuite hostname="Mythily" failures="0" tests="9" name="TestRunner.TestngRunner" time="73.912" errors="0" timestamp="2026-05-11T10:30:42 IST" skipped="0">
  <testcase classname="TestRunner.TestngRunner" name="runScenario" time="11.671"/>
  <testcase classname="TestRunner.TestngRunner" name="runScenario" time="5.228"/>
  <testcase classname="TestRunner.TestngRunner" name="runScenario" time="10.026"/>
  <testcase classname="TestRunner.TestngRunner" name="runScenario" time="7.234"/>
  <testcase classname="TestRunner.TestngRunner" name="runScenario" time="10.517"/>
  <testcase classname="TestRunner.TestngRunner" name="runScenario" time="8.683"/>
  <testcase classname="TestRunner.TestngRunner" name="runScenario" time="8.432"/>
  <testcase classname="TestRunner.TestngRunner" name="runScenario" time="4.092"/>
  <testcase classname="TestRunner.TestngRunner" name="runScenario" time="8.029"/>
</testsuite> <!-- TestRunner.TestngRunner -->
