<?xml version="1.0" encoding="UTF-8"?>
<!-- Generated by org.testng.reporters.JUnitReportReporter -->
<testsuite hostname="Mythily" failures="0" tests="9" name="TestRunner.TestngRunner" time="107.907" errors="0" timestamp="2026-05-04T23:16:15 IST" skipped="0">
  <testcase classname="TestRunner.TestngRunner" name="runScenario" time="31.267"/>
  <testcase classname="TestRunner.TestngRunner" name="runScenario" time="7.915"/>
  <testcase classname="TestRunner.TestngRunner" name="runScenario" time="6.302"/>
  <testcase classname="TestRunner.TestngRunner" name="runScenario" time="10.980"/>
  <testcase classname="TestRunner.TestngRunner" name="runScenario" time="4.361"/>
  <testcase classname="TestRunner.TestngRunner" name="runScenario" time="12.233"/>
  <testcase classname="TestRunner.TestngRunner" name="runScenario" time="10.224"/>
  <testcase classname="TestRunner.TestngRunner" name="runScenario" time="10.088"/>
  <testcase classname="TestRunner.TestngRunner" name="runScenario" time="14.537"/>
</testsuite> <!-- TestRunner.TestngRunner -->
