<?xml version="1.0" encoding="UTF-8"?>
<testng-results ignored="0" total="1" passed="1" failed="0" skipped="0">
  <reporter-output>
  </reporter-output>
  <suite started-at="2026-06-16T08:09:43 IST" name="Default suite" finished-at="2026-06-16T08:09:48 IST" duration-ms="4813">
    <groups>
    </groups>
    <test started-at="2026-06-16T08:09:43 IST" name="Default test" finished-at="2026-06-16T08:09:48 IST" duration-ms="4813">
      <class name="com.testpractice.Getpost1">
        <test-method signature="postpractice()[pri:0, instance:com.testpractice.Getpost1@73a1e9a9]" started-at="2026-06-16T08:09:43 IST" name="postpractice" finished-at="2026-06-16T08:09:48 IST" duration-ms="4731" status="PASS">
          <reporter-output>
          </reporter-output>
        </test-method> <!-- postpractice -->
      </class> <!-- com.testpractice.Getpost1 -->
    </test> <!-- Default test -->
  </suite> <!-- Default suite -->
</testng-results>
